[2026-02-22 21:43:44] [Render thread/INFO] [CustomSkinLoader Core]: CustomSkinLoader 14.26.1
[2026-02-22 21:43:44] [Render thread/INFO] [CustomSkinLoader Core]: DataDir: C:\Users\aeroseira\Desktop\MC\.minecraft\versions\wip_modpack_project\CustomSkinLoader
[2026-02-22 21:43:44] [Render thread/INFO] [CustomSkinLoader Core]: Operating System: Windows 11 (amd64) version 10.0
[2026-02-22 21:43:44] [Render thread/INFO] [CustomSkinLoader Core]: Java Version: 21.0.10, Azul Systems, Inc.
[2026-02-22 21:43:44] [Render thread/INFO] [CustomSkinLoader Core]: Java VM Version: OpenJDK 64-Bit Server VM (mixed mode, sharing), Azul Systems, Inc.
[2026-02-22 21:43:45] [Render thread/INFO] [CustomSkinLoader Core]: Minecraft: 1.20.1
[2026-02-22 21:43:45] [Render thread/INFO] [CustomSkinLoader Core]: Config File: C:\Users\aeroseira\Desktop\MC\.minecraft\versions\wip_modpack_project\CustomSkinLoader\CustomSkinLoader.json
[2026-02-22 21:43:45] [Render thread/INFO] [CustomSkinLoader Core]: Try to load config.
[2026-02-22 21:43:45] [Render thread/INFO] [CustomSkinLoader Core]: Successfully load config.
[2026-02-22 21:43:45] [Render thread/INFO] [CustomSkinLoader Core]: Add a profile loader: GameProfile
[2026-02-22 21:43:45] [Render thread/INFO] [CustomSkinLoader Core]: Add a profile loader: MojangAPI
[2026-02-22 21:43:45] [Render thread/INFO] [CustomSkinLoader Core]: Add a profile loader: Legacy
[2026-02-22 21:43:45] [Render thread/INFO] [CustomSkinLoader Core]: Add a profile loader: CustomSkinAPI
[2026-02-22 21:43:45] [Render thread/INFO] [CustomSkinLoader Core]: Add a profile loader: CustomSKinAPIPlus
[2026-02-22 21:43:45] [Render thread/INFO] [CustomSkinLoader Core]: Add a profile loader: UniSkinAPI
[2026-02-22 21:43:45] [Render thread/INFO] [CustomSkinLoader Core]: Add a profile loader: ElyByAPI
[2026-02-22 21:43:45] [Render thread/INFO] [CustomSkinLoader Core]: Add a profile loader: GlitchlessAPI
[2026-02-22 21:43:45] [Render thread/INFO] [CustomSkinLoader Core]: Add a profile loader: MinecraftCapesAPI
[2026-02-22 21:43:45] [Render thread/INFO] [CustomSkinLoader Core]: Add a profile loader: WynntilsAPI
[2026-02-22 21:43:45] [Render thread/INFO] [CustomSkinLoader Core]: Successfully update config.
[2026-02-22 21:43:45] [Render thread/INFO] [CustomSkinLoader Core]: version : 14.26.1
[2026-02-22 21:43:45] [Render thread/INFO] [CustomSkinLoader Core]: buildNumber : 36
[2026-02-22 21:43:45] [Render thread/INFO] [CustomSkinLoader Core]: loadlist : [{ "name": "GameProfile", "type": "GameProfile" }, { "name": "Mojang", "type": "MojangAPI", "apiRoot": "https://api.mojang.com/", "sessionRoot": "https://sessionserver.mojang.com/" }, { "name": "LittleSkin", "type": "CustomSkinAPI", "root": "https://littleskin.cn/csl/" }, { "name": "BlessingSkin", "type": "CustomSkinAPI", "root": "https://skin.prinzeugen.net/" }, { "name": "ElyBy", "type": "ElyByAPI", "root": "http://skinsystem.ely.by/textures/" }, { "name": "SkinMe", "type": "UniSkinAPI", "root": "http://www.skinme.cc/uniskin/" }, { "name": "TLauncher", "type": "ElyByAPI", "root": "https://auth.tlauncher.org/skin/profile/texture/login/" }, { "name": "GlitchlessGames", "type": "GlitchlessAPI", "root": "https://games.glitchless.ru/api/minecraft/users/profiles/textures/?nickname=" }, { "name": "LocalSkin", "type": "Legacy", "checkPNG": "false", "skin": "LocalSkin/skins/{USERNAME}.png", "model": "auto", "cape": "LocalSkin/capes/{USERNAME}.png", "elytra": "LocalSkin/elytras/{USERNAME}.png" }, { "name": "MinecraftCapes", "type": "MinecraftCapesAPI", "root": "https://api.minecraftcapes.net/profile/" }, { "name": "OptiFine", "type": "Legacy", "checkPNG": "false", "model": "auto", "cape": "https://optifine.net/capes/{USERNAME}.png" }, { "name": "Wynntils", "type": "WynntilsAPI", "root": "https://athena.wynntils.com/user/getInfo" }, { "name": "CloakPlus", "type": "Legacy", "checkPNG": "false", "model": "auto", "cape": "http://161.35.130.99/capes/{USERNAME}.png" }, { "name": "Cosmetica", "type": "Legacy", "checkPNG": "false", "model": "auto", "cape": "https://api.cosmetica.cc/get/cloak?username={USERNAME}&uuid={STANDARD_UUID}&nothirdparty" }]
[2026-02-22 21:43:45] [Render thread/INFO] [CustomSkinLoader Core]: enableDynamicSkull : true
[2026-02-22 21:43:45] [Render thread/INFO] [CustomSkinLoader Core]: enableTransparentSkin : true
[2026-02-22 21:43:45] [Render thread/INFO] [CustomSkinLoader Core]: forceLoadAllTextures : true
[2026-02-22 21:43:45] [Render thread/INFO] [CustomSkinLoader Core]: enableCape : true
[2026-02-22 21:43:45] [Render thread/INFO] [CustomSkinLoader Core]: threadPoolSize : 8
[2026-02-22 21:43:45] [Render thread/INFO] [CustomSkinLoader Core]: enableLogStdOut : false
[2026-02-22 21:43:45] [Render thread/INFO] [CustomSkinLoader Core]: cacheExpiry : 30
[2026-02-22 21:43:45] [Render thread/INFO] [CustomSkinLoader Core]: forceUpdateSkull : false
[2026-02-22 21:43:45] [Render thread/INFO] [CustomSkinLoader Core]: enableLocalProfileCache : false
[2026-02-22 21:43:45] [Render thread/INFO] [CustomSkinLoader Core]: enableCacheAutoClean : false
[2026-02-22 21:43:45] [Render thread/INFO] [CustomSkinLoader Core]: forceDisableCache : false
[2026-02-22 21:43:45] [Aero_Seira/INFO] [CustomSkinLoader Core]: Loading Aero_Seira's profile.
[2026-02-22 21:43:45] [Aero_Seira/INFO] [CustomSkinLoader Core]: 1/14 Try to load profile from 'GameProfile'.
[2026-02-22 21:43:45] [Aero_Seira/INFO] [CustomSkinLoader Core]: 2/14 Try to load profile from 'Mojang'.
[2026-02-22 21:43:45] [Aero_Seira/DEBUG] [CustomSkinLoader Core]: Try to request 'https://api.mojang.com/profiles/minecraft'.
[2026-02-22 21:43:45] [Aero_Seira/INFO] [CustomSkinLoader Core]: Payload: ["Aero_Seira"]
[2026-02-22 21:43:45] [Aero_Seira/DEBUG] [CustomSkinLoader Core]: Successfully request (Response Code: 200 , Content Length: 76)
[2026-02-22 21:43:45] [Aero_Seira/DEBUG] [CustomSkinLoader Core]: Content: [ {
  "id" : "76d796c51fe743a99b330cfbd478ce40",
  "name" : "Aero_Seira"
} ]
[2026-02-22 21:43:45] [Aero_Seira/DEBUG] [CustomSkinLoader Core]: Try to request 'https://sessionserver.mojang.com/session/minecraft/profile/76d796c51fe743a99b330cfbd478ce40'.
[2026-02-22 21:43:46] [Aero_Seira/DEBUG] [CustomSkinLoader Core]: Successfully request (Response Code: 200 , Content Length: 616)
[2026-02-22 21:43:46] [Aero_Seira/DEBUG] [CustomSkinLoader Core]: Saved to cache (Length: 616 , Path: 'C:\Users\aeroseira\Desktop\MC\.minecraft\versions\wip_modpack_project\CustomSkinLoader\caches\92b2ecd3042794cff13b181f43d922a0fd5b4b7d' , Expire: 1771767856)
[2026-02-22 21:43:46] [Aero_Seira/DEBUG] [CustomSkinLoader Core]: Content: {
  "id" : "76d796c51fe743a99b330cfbd478ce40",
  "name" : "Aero_Seira",
  "properties" : [ {
    "name" : "textures",
    "value" : "ewogICJ0aW1lc3RhbXAiIDogMTc3MTc2NzgyNjgwOCwKICAicHJvZmlsZUlkIiA6ICI3NmQ3OTZjNTFmZTc0M2E5OWIzMzBjZmJkNDc4Y2U0MCIsCiAgInByb2ZpbGVOYW1lIiA6ICJBZXJvX1NlaXJhIiwKICAidGV4dHVyZXMiIDogewogICAgIlNLSU4iIDogewogICAgICAidXJsIiA6ICJodHRwOi8vdGV4dHVyZXMubWluZWNyYWZ0Lm5ldC90ZXh0dXJlLzhjNDIxN2YzZTgzMWM0YmQwNTZkOTE3MDMyM2Y1ZTM4OTU5OTVjNTU1MDBmMTQ4ZGQzOGY2NGI0Zjg2NTkxNDUiLAogICAgICAibWV0YWRhdGEiIDogewogICAgICAgICJtb2RlbCIgOiAic2xpbSIKICAgICAgfQogICAgfQogIH0KfQ=="
  } ],
  "profileActions" : [ ]
}
[2026-02-22 21:43:46] [Aero_Seira/INFO] [CustomSkinLoader Core]: 3/14 Try to load profile from 'LittleSkin'.
[2026-02-22 21:43:46] [Aero_Seira/DEBUG] [CustomSkinLoader Core]: Try to request 'https://littleskin.cn/csl/Aero_Seira.json'.
[2026-02-22 21:43:46] [Aero_Seira/DEBUG] [CustomSkinLoader Core]: Successfully request (Response Code: 200 , Content Length: 2)
[2026-02-22 21:43:46] [Aero_Seira/DEBUG] [CustomSkinLoader Core]: Saved to cache (Length: 2 , Path: 'C:\Users\aeroseira\Desktop\MC\.minecraft\versions\wip_modpack_project\CustomSkinLoader\caches\6b47a6a28d9ebca4a9d6c552e5327b253e4a8194' , Expire: 1771767918)
[2026-02-22 21:43:46] [Aero_Seira/DEBUG] [CustomSkinLoader Core]: Content: {}
[2026-02-22 21:43:46] [Aero_Seira/INFO] [CustomSkinLoader Core]: Both skin and cape not found.
[2026-02-22 21:43:46] [Aero_Seira/INFO] [CustomSkinLoader Core]: 4/14 Try to load profile from 'BlessingSkin'.
[2026-02-22 21:43:46] [Aero_Seira/DEBUG] [CustomSkinLoader Core]: Try to request 'https://skin.prinzeugen.net/Aero_Seira.json'.
[2026-02-22 21:43:47] [Aero_Seira/DEBUG] [CustomSkinLoader Core]: Failed to request (Response Code: 404)
[2026-02-22 21:43:47] [Aero_Seira/INFO] [CustomSkinLoader Core]: Profile not found.
[2026-02-22 21:43:47] [Aero_Seira/INFO] [CustomSkinLoader Core]: 5/14 Try to load profile from 'ElyBy'.
[2026-02-22 21:43:47] [Aero_Seira/DEBUG] [CustomSkinLoader Core]: Try to request 'http://skinsystem.ely.by/textures/Aero_Seira'.
[2026-02-22 21:43:48] [Aero_Seira/DEBUG] [CustomSkinLoader Core]: Successfully request (Response Code: 204 , Content Length: -1)
[2026-02-22 21:43:48] [Aero_Seira/DEBUG] [CustomSkinLoader Core]: Saved to cache (Length: 0 , Path: 'C:\Users\aeroseira\Desktop\MC\.minecraft\versions\wip_modpack_project\CustomSkinLoader\caches\7479a754668ea2e3573af0083ba562a4af7d151c' , Expire: 1771771431)
[2026-02-22 21:43:48] [Aero_Seira/DEBUG] [CustomSkinLoader Core]: Content: 
[2026-02-22 21:43:48] [Aero_Seira/INFO] [CustomSkinLoader Core]: Profile not found.
[2026-02-22 21:43:48] [Aero_Seira/INFO] [CustomSkinLoader Core]: 6/14 Try to load profile from 'SkinMe'.
[2026-02-22 21:43:48] [Aero_Seira/DEBUG] [CustomSkinLoader Core]: Try to request 'http://www.skinme.cc/uniskin/Aero_Seira.json'.
[2026-02-22 21:43:48] [Aero_Seira/DEBUG] [CustomSkinLoader Core]: Failed to request http://www.skinme.cc/uniskin/Aero_Seira.json (Exception: java.net.UnknownHostException: www.skinme.cc)
[2026-02-22 21:43:48] [Aero_Seira/INFO] [CustomSkinLoader Core]: Profile not found.
[2026-02-22 21:43:48] [Aero_Seira/INFO] [CustomSkinLoader Core]: 7/14 Try to load profile from 'TLauncher'.
[2026-02-22 21:43:48] [Aero_Seira/DEBUG] [CustomSkinLoader Core]: Try to request 'https://auth.tlauncher.org/skin/profile/texture/login/Aero_Seira'.
[2026-02-22 21:43:49] [Aero_Seira/DEBUG] [CustomSkinLoader Core]: Successfully request (Response Code: 200 , Content Length: -1)
[2026-02-22 21:43:49] [Aero_Seira/DEBUG] [CustomSkinLoader Core]: Saved to cache (Length: 149 , Path: 'C:\Users\aeroseira\Desktop\MC\.minecraft\versions\wip_modpack_project\CustomSkinLoader\caches\a72a99a37935b955ba96abee4c7d3b6df34c32d2' , Expire: 1771767924)
[2026-02-22 21:43:49] [Aero_Seira/DEBUG] [CustomSkinLoader Core]: Content: {"SKIN":{"url":"http://textures.minecraft.net/texture/8c4217f3e831c4bd056d9170323f5e3895995c55500f148dd38f64b4f8659145","metadata":{"model":"slim"}}}
[2026-02-22 21:43:49] [Aero_Seira/INFO] [CustomSkinLoader Core]: 8/14 Try to load profile from 'GlitchlessGames'.
[2026-02-22 21:43:49] [Aero_Seira/DEBUG] [CustomSkinLoader Core]: Try to request 'https://games.glitchless.ru/api/minecraft/users/profiles/textures/?nickname=Aero_Seira'.
[2026-02-22 21:43:51] [Aero_Seira/DEBUG] [CustomSkinLoader Core]: Failed to request (Response Code: 404)
[2026-02-22 21:43:51] [Aero_Seira/INFO] [CustomSkinLoader Core]: Profile not found.
[2026-02-22 21:43:51] [Aero_Seira/INFO] [CustomSkinLoader Core]: 9/14 Try to load profile from 'LocalSkin'.
[2026-02-22 21:43:51] [Aero_Seira/INFO] [CustomSkinLoader Core]: No texture could be found.
[2026-02-22 21:43:51] [Aero_Seira/INFO] [CustomSkinLoader Core]: 10/14 Try to load profile from 'MinecraftCapes'.
[2026-02-22 21:43:51] [Aero_Seira/DEBUG] [CustomSkinLoader Core]: Try to request 'https://api.minecraftcapes.net/profile/76d796c51fe743a99b330cfbd478ce40'.
[2026-02-22 21:43:52] [Aero_Seira/DEBUG] [CustomSkinLoader Core]: Successfully request (Response Code: 304 , Content Length: -1)
[2026-02-22 21:43:52] [Aero_Seira/DEBUG] [CustomSkinLoader Core]: Cache file found (Length: 241 , Path: 'C:\Users\aeroseira\Desktop\MC\.minecraft\versions\wip_modpack_project\CustomSkinLoader\caches\b5ac091351999a27a00457a736a69561dcec2f40' , Expire: 0)
[2026-02-22 21:43:52] [Aero_Seira/INFO] [CustomSkinLoader Core]: Try to load from cache 'C:\Users\aeroseira\Desktop\MC\.minecraft\versions\wip_modpack_project\CustomSkinLoader\caches\b5ac091351999a27a00457a736a69561dcec2f40'.
[2026-02-22 21:43:52] [Aero_Seira/DEBUG] [CustomSkinLoader Core]: Successfully load from cache
[2026-02-22 21:43:52] [Aero_Seira/DEBUG] [CustomSkinLoader Core]: Content: {"animatedCape":false,"capeGlint":false,"upsideDown":false,"animated_cape_url":null,"cape_url":null,"ear_url":null,"textures":{"_IMPORTANT":"We are removing base64 textures, please use the above parameters instead.","cape":null,"ears":null}}
[2026-02-22 21:43:52] [Aero_Seira/INFO] [CustomSkinLoader Core]: Both skin and cape not found.
[2026-02-22 21:43:52] [Aero_Seira/INFO] [CustomSkinLoader Core]: 11/14 Try to load profile from 'OptiFine'.
[2026-02-22 21:43:52] [Aero_Seira/DEBUG] [CustomSkinLoader Core]: Try to request 'https://optifine.net/capes/Aero_Seira.png'.
[2026-02-22 21:43:53] [Aero_Seira/DEBUG] [CustomSkinLoader Core]: Failed to request (Response Code: 404)
[2026-02-22 21:43:53] [Aero_Seira/INFO] [CustomSkinLoader Core]: No texture could be found.
[2026-02-22 21:43:53] [Aero_Seira/INFO] [CustomSkinLoader Core]: 12/14 Try to load profile from 'Wynntils'.
[2026-02-22 21:43:53] [Aero_Seira/DEBUG] [CustomSkinLoader Core]: Try to request 'https://athena.wynntils.com/user/getInfo'.
[2026-02-22 21:43:53] [Aero_Seira/INFO] [CustomSkinLoader Core]: Payload: {"uuid":"76d796c5-1fe7-43a9-9b33-0cfbd478ce40"}
[2026-02-22 21:43:55] [Aero_Seira/DEBUG] [CustomSkinLoader Core]: Failed to request (Response Code: 403)
[2026-02-22 21:43:55] [Aero_Seira/INFO] [CustomSkinLoader Core]: Profile not found.
[2026-02-22 21:43:55] [Aero_Seira/INFO] [CustomSkinLoader Core]: 13/14 Try to load profile from 'CloakPlus'.
[2026-02-22 21:43:55] [Aero_Seira/DEBUG] [CustomSkinLoader Core]: Try to request 'http://161.35.130.99/capes/Aero_Seira.png'.
[2026-02-22 21:43:56] [Aero_Seira/DEBUG] [CustomSkinLoader Core]: Failed to request (Response Code: 404)
[2026-02-22 21:43:56] [Aero_Seira/INFO] [CustomSkinLoader Core]: No texture could be found.
[2026-02-22 21:43:56] [Aero_Seira/INFO] [CustomSkinLoader Core]: 14/14 Try to load profile from 'Cosmetica'.
[2026-02-22 21:43:56] [Aero_Seira/DEBUG] [CustomSkinLoader Core]: Try to request 'https://api.cosmetica.cc/get/cloak?username=Aero_Seira&uuid=76d796c5-1fe7-43a9-9b33-0cfbd478ce40&nothirdparty'.
[2026-02-22 21:43:58] [Aero_Seira/DEBUG] [CustomSkinLoader Core]: Failed to request (Response Code: 404)
[2026-02-22 21:43:58] [Aero_Seira/INFO] [CustomSkinLoader Core]: No texture could be found.
[2026-02-22 21:43:58] [Aero_Seira/INFO] [CustomSkinLoader Core]: Aero_Seira's profile loaded.
[2026-02-22 21:43:58] [Aero_Seira/INFO] [CustomSkinLoader Core]: (SkinUrl: http://textures.minecraft.net/texture/8c4217f3e831c4bd056d9170323f5e3895995c55500f148dd38f64b4f8659145 , Model: slim , CapeUrl: null  , Expiry: 1771767868)
